<?xml version="1.0" encoding="UTF-8"?>
<testsuite name="gad.maze.TestExecutor" tests="12" skipped="0" failures="0" errors="0" timestamp="2023-05-07T10:21:57" hostname="MIRZA-SURFACE-8" time="0.039">
  <properties/>
  <testcase name="[1] [3, 3, 0], true" classname="gad.maze.TestExecutor" time="0.001"/>
  <testcase name="[2] [4, 4, 1], true" classname="gad.maze.TestExecutor" time="0.001"/>
  <testcase name="[3] [10, 10, 0], true" classname="gad.maze.TestExecutor" time="0.001"/>
  <testcase name="[4] [10, 10, 1], false" classname="gad.maze.TestExecutor" time="0.0"/>
  <testcase name="[5] [10, 10, 7], false" classname="gad.maze.TestExecutor" time="0.001"/>
  <testcase name="[6] [200, 10, 9], false" classname="gad.maze.TestExecutor" time="0.007"/>
  <testcase name="[7] [200, 10, 6], false" classname="gad.maze.TestExecutor" time="0.006"/>
  <testcase name="[8] [200, 50, 9], true" classname="gad.maze.TestExecutor" time="0.002"/>
  <testcase name="[9] [200, 50, 19], false" classname="gad.maze.TestExecutor" time="0.003"/>
  <testcase name="[10] [50, 50, 5], true" classname="gad.maze.TestExecutor" time="0.001"/>
  <testcase name="[11] [50, 50, 10], true" classname="gad.maze.TestExecutor" time="0.001"/>
  <testcase name="This is a green test to motivate you for the semester! &lt;3" classname="gad.maze.TestExecutor" time="0.0"/>
  <system-out><![CDATA[]]></system-out>
  <system-err><![CDATA[]]></system-err>
</testsuite>
