<?xml version="1.0" encoding="UTF-8"?>
<testsuite name="gad.ExampleTest" tests="1" skipped="0" failures="0" errors="0" timestamp="2023-05-07T10:21:57" hostname="MIRZA-SURFACE-8" time="0.022">
  <properties/>
  <testcase name="checkPenguInfoOutNegative()" classname="gad.ExampleTest" time="0.022"/>
  <system-out><![CDATA[]]></system-out>
  <system-err><![CDATA[]]></system-err>
</testsuite>
