<?xml version="1.0" encoding="UTF-8"?>
<testsuite name="gad.logging.TestLogging" tests="5" skipped="0" failures="0" errors="0" timestamp="2023-05-07T10:21:57" hostname="MIRZA-SURFACE-8" time="0.043">
  <properties/>
  <testcase name="[1] 10, 10, 0, [1, 1, 1, 1, 1, 1, 1, 1, 2, 3, 3, 4, 4, 4, 3, 2, 1, 2, 3, 4, 4, 5, 6, 6, 7, 8, 9], [0, 1, 2, 3, 4, 5, 6, 5, 5, 5, 6, 6, 7, 8, 8, 8, 8, 8, 8, 8, 7, 7, 7, 8, 8, 8, 8], true" classname="gad.logging.TestLogging" time="0.027"/>
  <testcase name="[2] 3, 3, 0, [1, 1, 2], [0, 1, 1], true" classname="gad.logging.TestLogging" time="0.002"/>
  <testcase name="[3] 4, 4, 1, [1, 1, 1, 2, 3], [0, 1, 2, 2, 2], true" classname="gad.logging.TestLogging" time="0.001"/>
  <testcase name="[4] 10, 10, 1, [1, 1, 1, 2, 3, 4, 5, 5, 4, 3, 2, 1, 1], [0, 1, 2, 2, 2, 2, 2, 1, 1, 1, 1, 1, 0], false" classname="gad.logging.TestLogging" time="0.001"/>
  <testcase name="[5] 10, 10, 7, [1, 1, 1], [0, 1, 0], false" classname="gad.logging.TestLogging" time="0.001"/>
  <system-out><![CDATA[]]></system-out>
  <system-err><![CDATA[]]></system-err>
</testsuite>
